0 info it worked if it ends with ok
1 verbose cli [ '/usr/bin/node', '/usr/bin/npm', 'run', 'lint:ejs' ]
2 info using npm@3.5.2
3 info using node@v8.10.0
4 verbose run-script [ 'prelint:ejs', 'lint:ejs', 'postlint:ejs' ]
5 info lifecycle deltahackathon@1.0.0~prelint:ejs: deltahackathon@1.0.0
6 silly lifecycle deltahackathon@1.0.0~prelint:ejs: no script for prelint:ejs, continuing
7 info lifecycle deltahackathon@1.0.0~lint:ejs: deltahackathon@1.0.0
8 verbose lifecycle deltahackathon@1.0.0~lint:ejs: unsafe-perm in lifecycle true
9 verbose lifecycle deltahackathon@1.0.0~lint:ejs: PATH: /usr/share/npm/bin/node-gyp-bin:/home/mohan/Documents/Coronakart/node_modules/.bin:/usr/local/sbin:/usr/local/bin:/usr/sbin:/usr/bin:/sbin:/bin:/usr/games:/usr/local/games:/snap/bin
10 verbose lifecycle deltahackathon@1.0.0~lint:ejs: CWD: /home/mohan/Documents/Coronakart
11 silly lifecycle deltahackathon@1.0.0~lint:ejs: Args: [ '-c', 'ejslint views/profile.ejs' ]
12 info lifecycle deltahackathon@1.0.0~lint:ejs: Failed to exec lint:ejs script
13 verbose stack Error: deltahackathon@1.0.0 lint:ejs: `ejslint views/profile.ejs`
13 verbose stack spawn ENOENT
13 verbose stack     at ChildProcess.<anonymous> (/usr/share/npm/lib/utils/spawn.js:17:16)
13 verbose stack     at emitTwo (events.js:126:13)
13 verbose stack     at ChildProcess.emit (events.js:214:7)
13 verbose stack     at maybeClose (internal/child_process.js:925:16)
13 verbose stack     at Process.ChildProcess._handle.onexit (internal/child_process.js:209:5)
14 verbose pkgid deltahackathon@1.0.0
15 verbose cwd /home/mohan/Documents/Coronakart
16 error Linux 5.4.0-47-generic
17 error argv "/usr/bin/node" "/usr/bin/npm" "run" "lint:ejs"
18 error node v8.10.0
19 error npm  v3.5.2
20 error file sh
21 error code ELIFECYCLE
22 error errno ENOENT
23 error syscall spawn
24 error deltahackathon@1.0.0 lint:ejs: `ejslint views/profile.ejs`
24 error spawn ENOENT
25 error Failed at the deltahackathon@1.0.0 lint:ejs script 'ejslint views/profile.ejs'.
25 error Make sure you have the latest version of node.js and npm installed.
25 error If you do, this is most likely a problem with the deltahackathon package,
25 error not with npm itself.
25 error Tell the author that this fails on your system:
25 error     ejslint views/profile.ejs
25 error You can get information on how to open an issue for this project with:
25 error     npm bugs deltahackathon
25 error Or if that isn't available, you can get their info via:
25 error     npm owner ls deltahackathon
25 error There is likely additional logging output above.
26 verbose exit [ 1, true ]
